This is pdfTeX, Version 3.14159265-2.6-1.40.16 (TeX Live 2015) (preloaded format=pdflatex 2015.5.24)  10 NOV 2016 12:46
entering extended mode
 restricted \write18 enabled.
 %&-line parsing enabled.
**InstallAnaconda.tex
(./InstallAnaconda.tex
LaTeX2e <2015/01/01>
Babel <3.9l> and hyphenation patterns for 79 languages loaded.
(/usr/local/texlive/2015/texmf-dist/tex/latex/base/article.cls
Document Class: article 2014/09/29 v1.4h Standard LaTeX document class
(/usr/local/texlive/2015/texmf-dist/tex/latex/base/size10.clo
File: size10.clo 2014/09/29 v1.4h Standard LaTeX file (size option)
)
\c@part=\count79
\c@section=\count80
\c@subsection=\count81
\c@subsubsection=\count82
\c@paragraph=\count83
\c@subparagraph=\count84
\c@figure=\count85
\c@table=\count86
\abovecaptionskip=\skip41
\belowcaptionskip=\skip42
\bibindent=\dimen102
)
(/usr/local/texlive/2015/texmf-dist/tex/latex/graphics/graphicx.sty
Package: graphicx 2014/10/28 v1.0g Enhanced LaTeX Graphics (DPC,SPQR)

(/usr/local/texlive/2015/texmf-dist/tex/latex/graphics/keyval.sty
Package: keyval 2014/10/28 v1.15 key=value parser (DPC)
\KV@toks@=\toks14
)
(/usr/local/texlive/2015/texmf-dist/tex/latex/graphics/graphics.sty
Package: graphics 2014/10/28 v1.0p Standard LaTeX Graphics (DPC,SPQR)

(/usr/local/texlive/2015/texmf-dist/tex/latex/graphics/trig.sty
Package: trig 1999/03/16 v1.09 sin cos tan (DPC)
)
(/usr/local/texlive/2015/texmf-dist/tex/latex/latexconfig/graphics.cfg
File: graphics.cfg 2010/04/23 v1.9 graphics configuration of TeX Live
)
Package graphics Info: Driver file: pdftex.def on input line 94.

(/usr/local/texlive/2015/texmf-dist/tex/latex/pdftex-def/pdftex.def
File: pdftex.def 2011/05/27 v0.06d Graphics/color for pdfTeX

(/usr/local/texlive/2015/texmf-dist/tex/generic/oberdiek/infwarerr.sty
Package: infwarerr 2010/04/08 v1.3 Providing info/warning/error messages (HO)
)
(/usr/local/texlive/2015/texmf-dist/tex/generic/oberdiek/ltxcmds.sty
Package: ltxcmds 2011/11/09 v1.22 LaTeX kernel commands for general use (HO)
)
\Gread@gobject=\count87
))
\Gin@req@height=\dimen103
\Gin@req@width=\dimen104
)
(/usr/local/texlive/2015/texmf-dist/tex/latex/titlesec/titlesec.sty
Package: titlesec 2011/12/15 v2.10.0 Sectioning titles
\ttl@box=\box26
\beforetitleunit=\skip43
\aftertitleunit=\skip44
\ttl@plus=\dimen105
\ttl@minus=\dimen106
\ttl@toksa=\toks15
\titlewidth=\dimen107
\titlewidthlast=\dimen108
\titlewidthfirst=\dimen109
)
(/usr/local/texlive/2015/texmf-dist/tex/latex/geometry/geometry.sty
Package: geometry 2010/09/12 v5.6 Page Geometry

(/usr/local/texlive/2015/texmf-dist/tex/generic/oberdiek/ifpdf.sty
Package: ifpdf 2011/01/30 v2.3 Provides the ifpdf switch (HO)
Package ifpdf Info: pdfTeX in PDF mode is detected.
)
(/usr/local/texlive/2015/texmf-dist/tex/generic/oberdiek/ifvtex.sty
Package: ifvtex 2010/03/01 v1.5 Detect VTeX and its facilities (HO)
Package ifvtex Info: VTeX not detected.
)
(/usr/local/texlive/2015/texmf-dist/tex/generic/ifxetex/ifxetex.sty
Package: ifxetex 2010/09/12 v0.6 Provides ifxetex conditional
)
\Gm@cnth=\count88
\Gm@cntv=\count89
\c@Gm@tempcnt=\count90
\Gm@bindingoffset=\dimen110
\Gm@wd@mp=\dimen111
\Gm@odd@mp=\dimen112
\Gm@even@mp=\dimen113
\Gm@layoutwidth=\dimen114
\Gm@layoutheight=\dimen115
\Gm@layouthoffset=\dimen116
\Gm@layoutvoffset=\dimen117
\Gm@dimlist=\toks16
)
(./InstallAnaconda.aux)
\openout1 = `InstallAnaconda.aux'.

LaTeX Font Info:    Checking defaults for OML/cmm/m/it on input line 11.
LaTeX Font Info:    ... okay on input line 11.
LaTeX Font Info:    Checking defaults for T1/cmr/m/n on input line 11.
LaTeX Font Info:    ... okay on input line 11.
LaTeX Font Info:    Checking defaults for OT1/cmr/m/n on input line 11.
LaTeX Font Info:    ... okay on input line 11.
LaTeX Font Info:    Checking defaults for OMS/cmsy/m/n on input line 11.
LaTeX Font Info:    ... okay on input line 11.
LaTeX Font Info:    Checking defaults for OMX/cmex/m/n on input line 11.
LaTeX Font Info:    ... okay on input line 11.
LaTeX Font Info:    Checking defaults for U/cmr/m/n on input line 11.
LaTeX Font Info:    ... okay on input line 11.

(/usr/local/texlive/2015/texmf-dist/tex/context/base/supp-pdf.mkii
[Loading MPS to PDF converter (version 2006.09.02).]
\scratchcounter=\count91
\scratchdimen=\dimen118
\scratchbox=\box27
\nofMPsegments=\count92
\nofMParguments=\count93
\everyMPshowfont=\toks17
\MPscratchCnt=\count94
\MPscratchDim=\dimen119
\MPnumerator=\count95
\makeMPintoPDFobject=\count96
\everyMPtoPDFconversion=\toks18
) (/usr/local/texlive/2015/texmf-dist/tex/generic/oberdiek/pdftexcmds.sty
Package: pdftexcmds 2011/11/29 v0.20 Utility functions of pdfTeX for LuaTeX (HO
)

(/usr/local/texlive/2015/texmf-dist/tex/generic/oberdiek/ifluatex.sty
Package: ifluatex 2010/03/01 v1.3 Provides the ifluatex switch (HO)
Package ifluatex Info: LuaTeX not detected.
)
Package pdftexcmds Info: LuaTeX not detected.
Package pdftexcmds Info: \pdf@primitive is available.
Package pdftexcmds Info: \pdf@ifprimitive is available.
Package pdftexcmds Info: \pdfdraftmode found.
)
(/usr/local/texlive/2015/texmf-dist/tex/latex/oberdiek/epstopdf-base.sty
Package: epstopdf-base 2010/02/09 v2.5 Base part for package epstopdf

(/usr/local/texlive/2015/texmf-dist/tex/latex/oberdiek/grfext.sty
Package: grfext 2010/08/19 v1.1 Manage graphics extensions (HO)

(/usr/local/texlive/2015/texmf-dist/tex/generic/oberdiek/kvdefinekeys.sty
Package: kvdefinekeys 2011/04/07 v1.3 Define keys (HO)
))
(/usr/local/texlive/2015/texmf-dist/tex/latex/oberdiek/kvoptions.sty
Package: kvoptions 2011/06/30 v3.11 Key value format for package options (HO)

(/usr/local/texlive/2015/texmf-dist/tex/generic/oberdiek/kvsetkeys.sty
Package: kvsetkeys 2012/04/25 v1.16 Key value parser (HO)

(/usr/local/texlive/2015/texmf-dist/tex/generic/oberdiek/etexcmds.sty
Package: etexcmds 2011/02/16 v1.5 Avoid name clashes with e-TeX commands (HO)
Package etexcmds Info: Could not find \expanded.
(etexcmds)             That can mean that you are not using pdfTeX 1.50 or
(etexcmds)             that some package has redefined \expanded.
(etexcmds)             In the latter case, load this package earlier.
)))
Package grfext Info: Graphics extension search list:
(grfext)             [.png,.pdf,.jpg,.mps,.jpeg,.jbig2,.jb2,.PNG,.PDF,.JPG,.JPE
G,.JBIG2,.JB2,.eps]
(grfext)             \AppendGraphicsExtensions on input line 452.

(/usr/local/texlive/2015/texmf-dist/tex/latex/latexconfig/epstopdf-sys.cfg
File: epstopdf-sys.cfg 2010/07/13 v1.3 Configuration of (r)epstopdf for TeX Liv
e
))
*geometry* driver: auto-detecting
*geometry* detected driver: pdftex
*geometry* verbose mode - [ preamble ] result:
* driver: pdftex
* paper: <default>
* layout: <same size as paper>
* layoutoffset:(h,v)=(0.0pt,0.0pt)
* modes: 
* h-part:(L,W,R)=(86.72377pt, 440.84746pt, 86.72377pt)
* v-part:(T,H,B)=(72.26999pt, 664.88379pt, 57.81621pt)
* \paperwidth=614.295pt
* \paperheight=794.96999pt
* \textwidth=440.84746pt
* \textheight=664.88379pt
* \oddsidemargin=14.45378pt
* \evensidemargin=14.45378pt
* \topmargin=-37.0pt
* \headheight=12.0pt
* \headsep=25.0pt
* \topskip=10.0pt
* \footskip=30.0pt
* \marginparwidth=65.0pt
* \marginparsep=11.0pt
* \columnsep=10.0pt
* \skip\footins=9.0pt plus 4.0pt minus 2.0pt
* \hoffset=0.0pt
* \voffset=0.0pt
* \mag=1000
* \@twocolumnfalse
* \@twosidefalse
* \@mparswitchfalse
* \@reversemarginfalse
* (1in=72.27pt=25.4mm, 1cm=28.453pt)


Underfull \hbox (badness 10000) in paragraph at lines 14--15

 []


Underfull \hbox (badness 10000) in paragraph at lines 18--19

 []


Underfull \hbox (badness 10000) in paragraph at lines 20--22

 []


Underfull \hbox (badness 10000) in paragraph at lines 20--22

 []

<Images/Screenshot_1.png, id=1, 1365.1pt x 770.88pt>
File: Images/Screenshot_1.png Graphic file (type png)

<use Images/Screenshot_1.png>
Package pdftex.def Info: Images/Screenshot_1.png used on input line 32.
(pdftex.def)             Requested size: 477.79216pt x 269.81204pt.

<Images/Screenshot_2.png, id=3, 1365.1pt x 770.88pt>
File: Images/Screenshot_2.png Graphic file (type png)

<use Images/Screenshot_2.png>
Package pdftex.def Info: Images/Screenshot_2.png used on input line 39.
(pdftex.def)             Requested size: 477.79216pt x 269.81204pt.
 [1

{/usr/local/texlive/2015/texmf-var/fonts/map/pdftex/updmap/pdftex.map} <./Image
s/Screenshot_1.png>]
<Images/Screenshot_3.png, id=12, 1365.1pt x 770.88pt>
File: Images/Screenshot_3.png Graphic file (type png)

<use Images/Screenshot_3.png>
Package pdftex.def Info: Images/Screenshot_3.png used on input line 46.
(pdftex.def)             Requested size: 477.79216pt x 269.81204pt.
 [2 <./Images/Screenshot_2.png> <./Images/Screenshot_3.png>] <Images/Screenshot
_4.png, id=18, 1365.1pt x 770.88pt>
File: Images/Screenshot_4.png Graphic file (type png)

<use Images/Screenshot_4.png>
Package pdftex.def Info: Images/Screenshot_4.png used on input line 53.
(pdftex.def)             Requested size: 477.79216pt x 269.81204pt.

<Images/Screenshot_5.png, id=19, 375.65344pt x 292.09125pt>
File: Images/Screenshot_5.png Graphic file (type png)

<use Images/Screenshot_5.png>
Package pdftex.def Info: Images/Screenshot_5.png used on input line 60.
(pdftex.def)             Requested size: 262.9556pt x 204.46246pt.

<Images/Screenshot_6.png, id=20, 375.65344pt x 292.09125pt>
File: Images/Screenshot_6.png Graphic file (type png)

<use Images/Screenshot_6.png>
Package pdftex.def Info: Images/Screenshot_6.png used on input line 67.
(pdftex.def)             Requested size: 262.9556pt x 204.46246pt.
 [3 <./Images/Screenshot_4.png> <./Images/Screenshot_5.png>] <Images/Screenshot
_7.png, id=25, 375.65344pt x 292.09125pt>
File: Images/Screenshot_7.png Graphic file (type png)

<use Images/Screenshot_7.png>
Package pdftex.def Info: Images/Screenshot_7.png used on input line 74.
(pdftex.def)             Requested size: 262.9556pt x 204.46246pt.

<Images/Screenshot_8.png, id=26, 375.65344pt x 292.09125pt>
File: Images/Screenshot_8.png Graphic file (type png)

<use Images/Screenshot_8.png>
Package pdftex.def Info: Images/Screenshot_8.png used on input line 81.
(pdftex.def)             Requested size: 262.9556pt x 204.46246pt.
 [4 <./Images/Screenshot_6.png> <./Images/Screenshot_7.png>] <Images/Screenshot
_9.png, id=30, 375.65344pt x 292.09125pt>
File: Images/Screenshot_9.png Graphic file (type png)

<use Images/Screenshot_9.png>
Package pdftex.def Info: Images/Screenshot_9.png used on input line 89.
(pdftex.def)             Requested size: 262.9556pt x 204.46246pt.

<Images/Screenshot_10.png, id=31, 375.65344pt x 292.09125pt>
File: Images/Screenshot_10.png Graphic file (type png)

<use Images/Screenshot_10.png>
Package pdftex.def Info: Images/Screenshot_10.png used on input line 96.
(pdftex.def)             Requested size: 262.9556pt x 204.46246pt.
 [5 <./Images/Screenshot_8.png> <./Images/Screenshot_9.png>] <Images/Screenshot
_11.png, id=35, 375.65344pt x 292.09125pt>
File: Images/Screenshot_11.png Graphic file (type png)

<use Images/Screenshot_11.png>
Package pdftex.def Info: Images/Screenshot_11.png used on input line 103.
(pdftex.def)             Requested size: 262.9556pt x 204.46246pt.

<Images/Screenshot_12.png, id=36, 375.65344pt x 292.09125pt>
File: Images/Screenshot_12.png Graphic file (type png)

<use Images/Screenshot_12.png>
Package pdftex.def Info: Images/Screenshot_12.png used on input line 110.
(pdftex.def)             Requested size: 262.9556pt x 204.46246pt.
 [6 <./Images/Screenshot_10.png> <./Images/Screenshot_11.png>] <Images/Screensh
ot_13.png, id=40, 1365.1pt x 770.88pt>
File: Images/Screenshot_13.png Graphic file (type png)

<use Images/Screenshot_13.png>
Package pdftex.def Info: Images/Screenshot_13.png used on input line 117.
(pdftex.def)             Requested size: 477.79216pt x 269.81204pt.

<Images/Screenshot_14.png, id=41, 1365.1pt x 770.88pt>
File: Images/Screenshot_14.png Graphic file (type png)

<use Images/Screenshot_14.png>
Package pdftex.def Info: Images/Screenshot_14.png used on input line 124.
(pdftex.def)             Requested size: 477.79216pt x 269.81204pt.
 [7 <./Images/Screenshot_12.png> <./Images/Screenshot_13.png>] <Images/Screensh
ot_16.png, id=47, 1365.1pt x 770.88pt>
File: Images/Screenshot_16.png Graphic file (type png)

<use Images/Screenshot_16.png>
Package pdftex.def Info: Images/Screenshot_16.png used on input line 131.
(pdftex.def)             Requested size: 477.79216pt x 269.81204pt.
 [8 <./Images/Screenshot_14.png> <./Images/Screenshot_16.png>] <Images/Screensh
ot_18.png, id=53, 1365.1pt x 770.88pt>
File: Images/Screenshot_18.png Graphic file (type png)

<use Images/Screenshot_18.png>
Package pdftex.def Info: Images/Screenshot_18.png used on input line 138.
(pdftex.def)             Requested size: 477.79216pt x 269.81204pt.

<Images/Screenshot_19.png, id=54, 1365.1pt x 770.88pt>
File: Images/Screenshot_19.png Graphic file (type png)

<use Images/Screenshot_19.png>
Package pdftex.def Info: Images/Screenshot_19.png used on input line 145.
(pdftex.def)             Requested size: 477.79216pt x 269.81204pt.
 [9 <./Images/Screenshot_18.png> <./Images/Screenshot_19.png>] <Images/Screensh
ot_20.png, id=60, 1365.1pt x 770.88pt>
File: Images/Screenshot_20.png Graphic file (type png)

<use Images/Screenshot_20.png>
Package pdftex.def Info: Images/Screenshot_20.png used on input line 152.
(pdftex.def)             Requested size: 477.79216pt x 269.81204pt.

<Images/Screenshot_21.png, id=61, 1365.1pt x 770.88pt>
File: Images/Screenshot_21.png Graphic file (type png)

<use Images/Screenshot_21.png>
Package pdftex.def Info: Images/Screenshot_21.png used on input line 159.
(pdftex.def)             Requested size: 477.79216pt x 269.81204pt.
 [10 <./Images/Screenshot_20.png>]
<Images/Screenshot_22.png, id=66, 1365.1pt x 770.88pt>
File: Images/Screenshot_22.png Graphic file (type png)

<use Images/Screenshot_22.png>
Package pdftex.def Info: Images/Screenshot_22.png used on input line 166.
(pdftex.def)             Requested size: 477.79216pt x 269.81204pt.

<Images/Screenshot_23.png, id=67, 1365.1pt x 770.88pt>
File: Images/Screenshot_23.png Graphic file (type png)

<use Images/Screenshot_23.png>
Package pdftex.def Info: Images/Screenshot_23.png used on input line 173.
(pdftex.def)             Requested size: 477.79216pt x 269.81204pt.
 [11 <./Images/Screenshot_21.png> <./Images/Screenshot_22.png>] <Images/Screens
hot_24.png, id=73, 1365.1pt x 770.88pt>
File: Images/Screenshot_24.png Graphic file (type png)

<use Images/Screenshot_24.png>
Package pdftex.def Info: Images/Screenshot_24.png used on input line 180.
(pdftex.def)             Requested size: 477.79216pt x 269.81204pt.
 [12 <./Images/Screenshot_23.png> <./Images/Screenshot_24.png>] [13] (./Install
Anaconda.aux) ) 
Here is how much of TeX's memory you used:
 2317 strings out of 493089
 34484 string characters out of 6134842
 98983 words of memory out of 5000000
 5783 multiletter control sequences out of 15000+600000
 4553 words of font info for 17 fonts, out of 8000000 for 9000
 1141 hyphenation exceptions out of 8191
 38i,5n,33p,754b,153s stack positions out of 5000i,500n,10000p,200000b,80000s
</usr/local/texlive/2015/texmf-dist/fonts/type1/public/amsfonts/
cm/cmbx12.pfb></usr/local/texlive/2015/texmf-dist/fonts/type1/public/amsfonts/c
m/cmr10.pfb>
Output written on InstallAnaconda.pdf (13 pages, 1621617 bytes).
PDF statistics:
 92 PDF objects out of 1000 (max. 8388607)
 38 compressed objects within 1 object stream
 0 named destinations out of 1000 (max. 500000)
 111 words of extra memory for PDF output out of 10000 (max. 10000000)

